<?xml version="1.0" encoding="UTF-8"?>
<testsuites name="Test Suite" tests="5" failures="0" errors="0" time="1.243">
  <testsuite name="CreateOrderService" errors="0" failures="0" skipped="0" timestamp="2024-04-27T01:47:58" time="0.539" tests="1">
    <testcase classname="CreateOrderService should create an order" name="CreateOrderService should create an order" time="0.004">
    </testcase>
  </testsuite>
  <testsuite name="GetOrderByIdService" errors="0" failures="0" skipped="0" timestamp="2024-04-27T01:47:58" time="0.137" tests="1">
    <testcase classname="GetOrderByIdService should get an order by id" name="GetOrderByIdService should get an order by id" time="0.002">
    </testcase>
  </testsuite>
  <testsuite name="GetAllUnfinishedOrdersService" errors="0" failures="0" skipped="0" timestamp="2024-04-27T01:47:58" time="0.137" tests="1">
    <testcase classname="GetAllUnfinishedOrdersService should get all unfinished orders" name="GetAllUnfinishedOrdersService should get all unfinished orders" time="0.003">
    </testcase>
  </testsuite>
  <testsuite name="UpdateOrderStatusService" errors="0" failures="0" skipped="0" timestamp="2024-04-27T01:47:59" time="0.135" tests="1">
    <testcase classname="UpdateOrderStatusService should update an order status" name="UpdateOrderStatusService should update an order status" time="0.002">
    </testcase>
  </testsuite>
  <testsuite name="GetOrderByStatusService" errors="0" failures="0" skipped="0" timestamp="2024-04-27T01:47:59" time="0.133" tests="1">
    <testcase classname="GetOrderByStatusService should get an order by status" name="GetOrderByStatusService should get an order by status" time="0.002">
    </testcase>
  </testsuite>
</testsuites>